-- The C compiler identification is GNU 11.4.0
-- The CXX compiler identification is GNU 11.4.0
-- Detecting C compiler ABI info
-- Detecting C compiler ABI info - done
-- Check for working C compiler: /usr/bin/cc - skipped
-- Detecting C compile features
-- Detecting C compile features - done
-- Detecting CXX compiler ABI info
-- Detecting CXX compiler ABI info - done
-- Check for working CXX compiler: /usr/bin/c++ - skipped
-- Detecting CXX compile features
-- Detecting CXX compile features - done
-- Found ament_cmake: 1.3.11 (/opt/ros/humble/share/ament_cmake/cmake)
-- Found Python3: /usr/bin/python3 (found version "3.10.12") found components: Interpreter 
-- Configuring done
-- Generating done
-- Build files have been written to: /home/user/exchange/ros2-ws/src/triago_control/build/triago_control
Built target ament_cmake_python_copy_triago_control
running egg_info
creating triago_control.egg-info
writing triago_control.egg-info/PKG-INFO
writing dependency_links to triago_control.egg-info/dependency_links.txt
writing top-level names to triago_control.egg-info/top_level.txt
writing manifest file 'triago_control.egg-info/SOURCES.txt'
reading manifest file 'triago_control.egg-info/SOURCES.txt'
writing manifest file 'triago_control.egg-info/SOURCES.txt'
Built target ament_cmake_python_build_triago_control_egg
-- Install configuration: ""
-- Installing: /home/user/exchange/ros2-ws/src/triago_control/install/triago_control/share/triago_control/environment/pythonpath.sh
-- Installing: /home/user/exchange/ros2-ws/src/triago_control/install/triago_control/share/triago_control/environment/pythonpath.dsv
-- Installing: /home/user/exchange/ros2-ws/src/triago_control/install/triago_control/local/lib/python3.10/dist-packages/triago_control-0.0.1-py3.10.egg-info
-- Installing: /home/user/exchange/ros2-ws/src/triago_control/install/triago_control/local/lib/python3.10/dist-packages/triago_control-0.0.1-py3.10.egg-info/dependency_links.txt
-- Installing: /home/user/exchange/ros2-ws/src/triago_control/install/triago_control/local/lib/python3.10/dist-packages/triago_control-0.0.1-py3.10.egg-info/top_level.txt
-- Installing: /home/user/exchange/ros2-ws/src/triago_control/install/triago_control/local/lib/python3.10/dist-packages/triago_control-0.0.1-py3.10.egg-info/PKG-INFO
-- Installing: /home/user/exchange/ros2-ws/src/triago_control/install/triago_control/local/lib/python3.10/dist-packages/triago_control-0.0.1-py3.10.egg-info/SOURCES.txt
-- Installing: /home/user/exchange/ros2-ws/src/triago_control/install/triago_control/local/lib/python3.10/dist-packages/triago_control
-- Installing: /home/user/exchange/ros2-ws/src/triago_control/install/triago_control/local/lib/python3.10/dist-packages/triago_control/shared_autonomy
-- Installing: /home/user/exchange/ros2-ws/src/triago_control/install/triago_control/local/lib/python3.10/dist-packages/triago_control/shared_autonomy/plot_manager.py
-- Installing: /home/user/exchange/ros2-ws/src/triago_control/install/triago_control/local/lib/python3.10/dist-packages/triago_control/shared_autonomy/belief_estimator.py
-- Installing: /home/user/exchange/ros2-ws/src/triago_control/install/triago_control/local/lib/python3.10/dist-packages/triago_control/shared_autonomy/__init__.py
-- Installing: /home/user/exchange/ros2-ws/src/triago_control/install/triago_control/local/lib/python3.10/dist-packages/triago_control/shared_autonomy/grasp_state_machine.py
-- Installing: /home/user/exchange/ros2-ws/src/triago_control/install/triago_control/local/lib/python3.10/dist-packages/triago_control/shared_autonomy/goal_set.py
-- Installing: /home/user/exchange/ros2-ws/src/triago_control/install/triago_control/local/lib/python3.10/dist-packages/triago_control/qp_visualizer.py
-- Installing: /home/user/exchange/ros2-ws/src/triago_control/install/triago_control/local/lib/python3.10/dist-packages/triago_control/__init__.py
-- Installing: /home/user/exchange/ros2-ws/src/triago_control/install/triago_control/local/lib/python3.10/dist-packages/triago_control/qp_controller
-- Installing: /home/user/exchange/ros2-ws/src/triago_control/install/triago_control/local/lib/python3.10/dist-packages/triago_control/qp_controller/collision_manager.py
-- Installing: /home/user/exchange/ros2-ws/src/triago_control/install/triago_control/local/lib/python3.10/dist-packages/triago_control/qp_controller/visualization_engine.py
-- Installing: /home/user/exchange/ros2-ws/src/triago_control/install/triago_control/local/lib/python3.10/dist-packages/triago_control/qp_controller/shared_autonomy_handler.py
-- Installing: /home/user/exchange/ros2-ws/src/triago_control/install/triago_control/local/lib/python3.10/dist-packages/triago_control/qp_controller/__init__.py
-- Installing: /home/user/exchange/ros2-ws/src/triago_control/install/triago_control/local/lib/python3.10/dist-packages/triago_control/qp_controller/config.py
-- Installing: /home/user/exchange/ros2-ws/src/triago_control/install/triago_control/local/lib/python3.10/dist-packages/triago_control/qp_controller/qp_formulator.py
-- Installing: /home/user/exchange/ros2-ws/src/triago_control/install/triago_control/local/lib/python3.10/dist-packages/triago_control/qp_controller/qp_visualizer_tutorial.py
-- Installing: /home/user/exchange/ros2-ws/src/triago_control/install/triago_control/local/lib/python3.10/dist-packages/triago_control/qp_controller/robot_kinematics.py
Listing '/home/user/exchange/ros2-ws/src/triago_control/install/triago_control/local/lib/python3.10/dist-packages/triago_control'...
Compiling '/home/user/exchange/ros2-ws/src/triago_control/install/triago_control/local/lib/python3.10/dist-packages/triago_control/__init__.py'...
Listing '/home/user/exchange/ros2-ws/src/triago_control/install/triago_control/local/lib/python3.10/dist-packages/triago_control/qp_controller'...
Compiling '/home/user/exchange/ros2-ws/src/triago_control/install/triago_control/local/lib/python3.10/dist-packages/triago_control/qp_controller/__init__.py'...
Compiling '/home/user/exchange/ros2-ws/src/triago_control/install/triago_control/local/lib/python3.10/dist-packages/triago_control/qp_controller/collision_manager.py'...
Compiling '/home/user/exchange/ros2-ws/src/triago_control/install/triago_control/local/lib/python3.10/dist-packages/triago_control/qp_controller/config.py'...
Compiling '/home/user/exchange/ros2-ws/src/triago_control/install/triago_control/local/lib/python3.10/dist-packages/triago_control/qp_controller/qp_formulator.py'...
Compiling '/home/user/exchange/ros2-ws/src/triago_control/install/triago_control/local/lib/python3.10/dist-packages/triago_control/qp_controller/qp_visualizer_tutorial.py'...
Compiling '/home/user/exchange/ros2-ws/src/triago_control/install/triago_control/local/lib/python3.10/dist-packages/triago_control/qp_controller/robot_kinematics.py'...
Compiling '/home/user/exchange/ros2-ws/src/triago_control/install/triago_control/local/lib/python3.10/dist-packages/triago_control/qp_controller/shared_autonomy_handler.py'...
Compiling '/home/user/exchange/ros2-ws/src/triago_control/install/triago_control/local/lib/python3.10/dist-packages/triago_control/qp_controller/visualization_engine.py'...
Compiling '/home/user/exchange/ros2-ws/src/triago_control/install/triago_control/local/lib/python3.10/dist-packages/triago_control/qp_visualizer.py'...
Listing '/home/user/exchange/ros2-ws/src/triago_control/install/triago_control/local/lib/python3.10/dist-packages/triago_control/shared_autonomy'...
Compiling '/home/user/exchange/ros2-ws/src/triago_control/install/triago_control/local/lib/python3.10/dist-packages/triago_control/shared_autonomy/__init__.py'...
Compiling '/home/user/exchange/ros2-ws/src/triago_control/install/triago_control/local/lib/python3.10/dist-packages/triago_control/shared_autonomy/belief_estimator.py'...
Compiling '/home/user/exchange/ros2-ws/src/triago_control/install/triago_control/local/lib/python3.10/dist-packages/triago_control/shared_autonomy/goal_set.py'...
Compiling '/home/user/exchange/ros2-ws/src/triago_control/install/triago_control/local/lib/python3.10/dist-packages/triago_control/shared_autonomy/grasp_state_machine.py'...
Compiling '/home/user/exchange/ros2-ws/src/triago_control/install/triago_control/local/lib/python3.10/dist-packages/triago_control/shared_autonomy/plot_manager.py'...
-- Installing: /home/user/exchange/ros2-ws/src/triago_control/install/triago_control/lib/triago_control/visualize_live_shadow.py
-- Installing: /home/user/exchange/ros2-ws/src/triago_control/install/triago_control/lib/triago_control/workspace_mapper.py
-- Installing: /home/user/exchange/ros2-ws/src/triago_control/install/triago_control/lib/triago_control/base_controller.py
-- Installing: /home/user/exchange/ros2-ws/src/triago_control/install/triago_control/lib/triago_control/plotter.py
-- Installing: /home/user/exchange/ros2-ws/src/triago_control/install/triago_control/lib/triago_control/drift_evaluator_node.py
-- Installing: /home/user/exchange/ros2-ws/src/triago_control/install/triago_control/lib/triago_control/keyboard_teleop.py
-- Installing: /home/user/exchange/ros2-ws/src/triago_control/install/triago_control/lib/triago_control/main_shared_autonomy.py
-- Installing: /home/user/exchange/ros2-ws/src/triago_control/install/triago_control/lib/triago_control/main_qp_controller.py
-- Installing: /home/user/exchange/ros2-ws/src/triago_control/install/triago_control/lib/triago_control/trajectory_generator.py
-- Installing: /home/user/exchange/ros2-ws/src/triago_control/install/triago_control/lib/triago_control/sa_coupling_debugger.py
-- Installing: /home/user/exchange/ros2-ws/src/triago_control/install/triago_control/share/triago_control/config
-- Installing: /home/user/exchange/ros2-ws/src/triago_control/install/triago_control/share/triago_control/config/trajectory_endpoints.yaml
-- Installing: /home/user/exchange/ros2-ws/src/triago_control/install/triago_control/share/triago_control/config/Recording_Rviz.rviz
-- Installing: /home/user/exchange/ros2-ws/src/triago_control/install/triago_control/share/triago_control/config/qp_debug.rviz
-- Installing: /home/user/exchange/ros2-ws/src/triago_control/install/triago_control/share/triago_control/launch
-- Installing: /home/user/exchange/ros2-ws/src/triago_control/install/triago_control/share/triago_control/launch/__pycache__
-- Installing: /home/user/exchange/ros2-ws/src/triago_control/install/triago_control/share/triago_control/launch/__pycache__/visualize.launch.cpython-310.pyc
-- Installing: /home/user/exchange/ros2-ws/src/triago_control/install/triago_control/share/triago_control/launch/visualize.launch.py
-- Installing: /home/user/exchange/ros2-ws/src/triago_control/install/triago_control/share/ament_index/resource_index/package_run_dependencies/triago_control
-- Installing: /home/user/exchange/ros2-ws/src/triago_control/install/triago_control/share/ament_index/resource_index/parent_prefix_path/triago_control
-- Installing: /home/user/exchange/ros2-ws/src/triago_control/install/triago_control/share/triago_control/environment/ament_prefix_path.sh
-- Installing: /home/user/exchange/ros2-ws/src/triago_control/install/triago_control/share/triago_control/environment/ament_prefix_path.dsv
-- Installing: /home/user/exchange/ros2-ws/src/triago_control/install/triago_control/share/triago_control/environment/path.sh
-- Installing: /home/user/exchange/ros2-ws/src/triago_control/install/triago_control/share/triago_control/environment/path.dsv
-- Installing: /home/user/exchange/ros2-ws/src/triago_control/install/triago_control/share/triago_control/local_setup.bash
-- Installing: /home/user/exchange/ros2-ws/src/triago_control/install/triago_control/share/triago_control/local_setup.sh
-- Installing: /home/user/exchange/ros2-ws/src/triago_control/install/triago_control/share/triago_control/local_setup.zsh
-- Installing: /home/user/exchange/ros2-ws/src/triago_control/install/triago_control/share/triago_control/local_setup.dsv
-- Installing: /home/user/exchange/ros2-ws/src/triago_control/install/triago_control/share/triago_control/package.dsv
-- Installing: /home/user/exchange/ros2-ws/src/triago_control/install/triago_control/share/ament_index/resource_index/packages/triago_control
-- Installing: /home/user/exchange/ros2-ws/src/triago_control/install/triago_control/share/triago_control/cmake/triago_controlConfig.cmake
-- Installing: /home/user/exchange/ros2-ws/src/triago_control/install/triago_control/share/triago_control/cmake/triago_controlConfig-version.cmake
-- Installing: /home/user/exchange/ros2-ws/src/triago_control/install/triago_control/share/triago_control/package.xml
