[0.008s] Invoking command in '/home/user/exchange/ros2-ws/src/triago_control/build/triago_control': CMAKE_PREFIX_PATH=${CMAKE_PREFIX_PATH}:/home/user/exchange/ros2-ws/install/pal_pro_gripper_wrapper:/home/user/exchange/ros2-ws/install/launch_pal:/opt/pal/alum:/opt/ros/humble /usr/bin/cmake /home/user/exchange/ros2-ws/src/triago_control -DCMAKE_INSTALL_PREFIX=/home/user/exchange/ros2-ws/src/triago_control/install/triago_control
[0.098s] -- The C compiler identification is GNU 11.4.0
[0.137s] -- The CXX compiler identification is GNU 11.4.0
[0.142s] -- Detecting C compiler ABI info
[0.190s] -- Detecting C compiler ABI info - done
[0.194s] -- Check for working C compiler: /usr/bin/cc - skipped
[0.194s] -- Detecting C compile features
[0.195s] -- Detecting C compile features - done
[0.197s] -- Detecting CXX compiler ABI info
[0.250s] -- Detecting CXX compiler ABI info - done
[0.254s] -- Check for working CXX compiler: /usr/bin/c++ - skipped
[0.254s] -- Detecting CXX compile features
[0.254s] -- Detecting CXX compile features - done
[0.258s] -- Found ament_cmake: 1.3.11 (/opt/ros/humble/share/ament_cmake/cmake)
[0.366s] -- Found Python3: /usr/bin/python3 (found version "3.10.12") found components: Interpreter 
[0.561s] -- Configuring done
[0.563s] -- Generating done
[0.564s] -- Build files have been written to: /home/user/exchange/ros2-ws/src/triago_control/build/triago_control
[0.567s] Invoked command in '/home/user/exchange/ros2-ws/src/triago_control/build/triago_control' returned '0': CMAKE_PREFIX_PATH=${CMAKE_PREFIX_PATH}:/home/user/exchange/ros2-ws/install/pal_pro_gripper_wrapper:/home/user/exchange/ros2-ws/install/launch_pal:/opt/pal/alum:/opt/ros/humble /usr/bin/cmake /home/user/exchange/ros2-ws/src/triago_control -DCMAKE_INSTALL_PREFIX=/home/user/exchange/ros2-ws/src/triago_control/install/triago_control
[0.568s] Invoking command in '/home/user/exchange/ros2-ws/src/triago_control/build/triago_control': CMAKE_PREFIX_PATH=${CMAKE_PREFIX_PATH}:/home/user/exchange/ros2-ws/install/pal_pro_gripper_wrapper:/home/user/exchange/ros2-ws/install/launch_pal:/opt/pal/alum:/opt/ros/humble /usr/bin/cmake --build /home/user/exchange/ros2-ws/src/triago_control/build/triago_control -- -j32 -l32
[0.609s] Built target ament_cmake_python_copy_triago_control
[0.763s] running egg_info
[0.763s] creating triago_control.egg-info
[0.763s] writing triago_control.egg-info/PKG-INFO
[0.763s] writing dependency_links to triago_control.egg-info/dependency_links.txt
[0.763s] writing top-level names to triago_control.egg-info/top_level.txt
[0.763s] writing manifest file 'triago_control.egg-info/SOURCES.txt'
[0.765s] reading manifest file 'triago_control.egg-info/SOURCES.txt'
[0.765s] writing manifest file 'triago_control.egg-info/SOURCES.txt'
[0.781s] Built target ament_cmake_python_build_triago_control_egg
[0.789s] Invoked command in '/home/user/exchange/ros2-ws/src/triago_control/build/triago_control' returned '0': CMAKE_PREFIX_PATH=${CMAKE_PREFIX_PATH}:/home/user/exchange/ros2-ws/install/pal_pro_gripper_wrapper:/home/user/exchange/ros2-ws/install/launch_pal:/opt/pal/alum:/opt/ros/humble /usr/bin/cmake --build /home/user/exchange/ros2-ws/src/triago_control/build/triago_control -- -j32 -l32
[0.795s] Invoking command in '/home/user/exchange/ros2-ws/src/triago_control/build/triago_control': CMAKE_PREFIX_PATH=${CMAKE_PREFIX_PATH}:/home/user/exchange/ros2-ws/install/pal_pro_gripper_wrapper:/home/user/exchange/ros2-ws/install/launch_pal:/opt/pal/alum:/opt/ros/humble /usr/bin/cmake --install /home/user/exchange/ros2-ws/src/triago_control/build/triago_control
[0.799s] -- Install configuration: ""
[0.799s] -- Installing: /home/user/exchange/ros2-ws/src/triago_control/install/triago_control/share/triago_control/environment/pythonpath.sh
[0.799s] -- Installing: /home/user/exchange/ros2-ws/src/triago_control/install/triago_control/share/triago_control/environment/pythonpath.dsv
[0.799s] -- Installing: /home/user/exchange/ros2-ws/src/triago_control/install/triago_control/local/lib/python3.10/dist-packages/triago_control-0.0.1-py3.10.egg-info
[0.799s] -- Installing: /home/user/exchange/ros2-ws/src/triago_control/install/triago_control/local/lib/python3.10/dist-packages/triago_control-0.0.1-py3.10.egg-info/dependency_links.txt
[0.799s] -- Installing: /home/user/exchange/ros2-ws/src/triago_control/install/triago_control/local/lib/python3.10/dist-packages/triago_control-0.0.1-py3.10.egg-info/top_level.txt
[0.799s] -- Installing: /home/user/exchange/ros2-ws/src/triago_control/install/triago_control/local/lib/python3.10/dist-packages/triago_control-0.0.1-py3.10.egg-info/PKG-INFO
[0.799s] -- Installing: /home/user/exchange/ros2-ws/src/triago_control/install/triago_control/local/lib/python3.10/dist-packages/triago_control-0.0.1-py3.10.egg-info/SOURCES.txt
[0.799s] -- Installing: /home/user/exchange/ros2-ws/src/triago_control/install/triago_control/local/lib/python3.10/dist-packages/triago_control
[0.799s] -- Installing: /home/user/exchange/ros2-ws/src/triago_control/install/triago_control/local/lib/python3.10/dist-packages/triago_control/shared_autonomy
[0.799s] -- Installing: /home/user/exchange/ros2-ws/src/triago_control/install/triago_control/local/lib/python3.10/dist-packages/triago_control/shared_autonomy/plot_manager.py
[0.799s] -- Installing: /home/user/exchange/ros2-ws/src/triago_control/install/triago_control/local/lib/python3.10/dist-packages/triago_control/shared_autonomy/belief_estimator.py
[0.800s] -- Installing: /home/user/exchange/ros2-ws/src/triago_control/install/triago_control/local/lib/python3.10/dist-packages/triago_control/shared_autonomy/__init__.py
[0.800s] -- Installing: /home/user/exchange/ros2-ws/src/triago_control/install/triago_control/local/lib/python3.10/dist-packages/triago_control/shared_autonomy/grasp_state_machine.py
[0.800s] -- Installing: /home/user/exchange/ros2-ws/src/triago_control/install/triago_control/local/lib/python3.10/dist-packages/triago_control/shared_autonomy/goal_set.py
[0.800s] -- Installing: /home/user/exchange/ros2-ws/src/triago_control/install/triago_control/local/lib/python3.10/dist-packages/triago_control/qp_visualizer.py
[0.800s] -- Installing: /home/user/exchange/ros2-ws/src/triago_control/install/triago_control/local/lib/python3.10/dist-packages/triago_control/__init__.py
[0.800s] -- Installing: /home/user/exchange/ros2-ws/src/triago_control/install/triago_control/local/lib/python3.10/dist-packages/triago_control/qp_controller
[0.800s] -- Installing: /home/user/exchange/ros2-ws/src/triago_control/install/triago_control/local/lib/python3.10/dist-packages/triago_control/qp_controller/collision_manager.py
[0.800s] -- Installing: /home/user/exchange/ros2-ws/src/triago_control/install/triago_control/local/lib/python3.10/dist-packages/triago_control/qp_controller/visualization_engine.py
[0.800s] -- Installing: /home/user/exchange/ros2-ws/src/triago_control/install/triago_control/local/lib/python3.10/dist-packages/triago_control/qp_controller/shared_autonomy_handler.py
[0.801s] -- Installing: /home/user/exchange/ros2-ws/src/triago_control/install/triago_control/local/lib/python3.10/dist-packages/triago_control/qp_controller/__init__.py
[0.801s] -- Installing: /home/user/exchange/ros2-ws/src/triago_control/install/triago_control/local/lib/python3.10/dist-packages/triago_control/qp_controller/config.py
[0.801s] -- Installing: /home/user/exchange/ros2-ws/src/triago_control/install/triago_control/local/lib/python3.10/dist-packages/triago_control/qp_controller/qp_formulator.py
[0.801s] -- Installing: /home/user/exchange/ros2-ws/src/triago_control/install/triago_control/local/lib/python3.10/dist-packages/triago_control/qp_controller/qp_visualizer_tutorial.py
[0.801s] -- Installing: /home/user/exchange/ros2-ws/src/triago_control/install/triago_control/local/lib/python3.10/dist-packages/triago_control/qp_controller/robot_kinematics.py
[0.832s] Listing '/home/user/exchange/ros2-ws/src/triago_control/install/triago_control/local/lib/python3.10/dist-packages/triago_control'...
[0.832s] Compiling '/home/user/exchange/ros2-ws/src/triago_control/install/triago_control/local/lib/python3.10/dist-packages/triago_control/__init__.py'...
[0.832s] Listing '/home/user/exchange/ros2-ws/src/triago_control/install/triago_control/local/lib/python3.10/dist-packages/triago_control/qp_controller'...
[0.832s] Compiling '/home/user/exchange/ros2-ws/src/triago_control/install/triago_control/local/lib/python3.10/dist-packages/triago_control/qp_controller/__init__.py'...
[0.832s] Compiling '/home/user/exchange/ros2-ws/src/triago_control/install/triago_control/local/lib/python3.10/dist-packages/triago_control/qp_controller/collision_manager.py'...
[0.832s] Compiling '/home/user/exchange/ros2-ws/src/triago_control/install/triago_control/local/lib/python3.10/dist-packages/triago_control/qp_controller/config.py'...
[0.832s] Compiling '/home/user/exchange/ros2-ws/src/triago_control/install/triago_control/local/lib/python3.10/dist-packages/triago_control/qp_controller/qp_formulator.py'...
[0.832s] Compiling '/home/user/exchange/ros2-ws/src/triago_control/install/triago_control/local/lib/python3.10/dist-packages/triago_control/qp_controller/qp_visualizer_tutorial.py'...
[0.832s] Compiling '/home/user/exchange/ros2-ws/src/triago_control/install/triago_control/local/lib/python3.10/dist-packages/triago_control/qp_controller/robot_kinematics.py'...
[0.832s] Compiling '/home/user/exchange/ros2-ws/src/triago_control/install/triago_control/local/lib/python3.10/dist-packages/triago_control/qp_controller/shared_autonomy_handler.py'...
[0.832s] Compiling '/home/user/exchange/ros2-ws/src/triago_control/install/triago_control/local/lib/python3.10/dist-packages/triago_control/qp_controller/visualization_engine.py'...
[0.833s] Compiling '/home/user/exchange/ros2-ws/src/triago_control/install/triago_control/local/lib/python3.10/dist-packages/triago_control/qp_visualizer.py'...
[0.833s] Listing '/home/user/exchange/ros2-ws/src/triago_control/install/triago_control/local/lib/python3.10/dist-packages/triago_control/shared_autonomy'...
[0.833s] Compiling '/home/user/exchange/ros2-ws/src/triago_control/install/triago_control/local/lib/python3.10/dist-packages/triago_control/shared_autonomy/__init__.py'...
[0.833s] Compiling '/home/user/exchange/ros2-ws/src/triago_control/install/triago_control/local/lib/python3.10/dist-packages/triago_control/shared_autonomy/belief_estimator.py'...
[0.833s] Compiling '/home/user/exchange/ros2-ws/src/triago_control/install/triago_control/local/lib/python3.10/dist-packages/triago_control/shared_autonomy/goal_set.py'...
[0.833s] Compiling '/home/user/exchange/ros2-ws/src/triago_control/install/triago_control/local/lib/python3.10/dist-packages/triago_control/shared_autonomy/grasp_state_machine.py'...
[0.833s] Compiling '/home/user/exchange/ros2-ws/src/triago_control/install/triago_control/local/lib/python3.10/dist-packages/triago_control/shared_autonomy/plot_manager.py'...
[0.835s] -- Installing: /home/user/exchange/ros2-ws/src/triago_control/install/triago_control/lib/triago_control/visualize_live_shadow.py
[0.835s] -- Installing: /home/user/exchange/ros2-ws/src/triago_control/install/triago_control/lib/triago_control/workspace_mapper.py
[0.835s] -- Installing: /home/user/exchange/ros2-ws/src/triago_control/install/triago_control/lib/triago_control/base_controller.py
[0.835s] -- Installing: /home/user/exchange/ros2-ws/src/triago_control/install/triago_control/lib/triago_control/plotter.py
[0.835s] -- Installing: /home/user/exchange/ros2-ws/src/triago_control/install/triago_control/lib/triago_control/drift_evaluator_node.py
[0.835s] -- Installing: /home/user/exchange/ros2-ws/src/triago_control/install/triago_control/lib/triago_control/keyboard_teleop.py
[0.835s] -- Installing: /home/user/exchange/ros2-ws/src/triago_control/install/triago_control/lib/triago_control/main_shared_autonomy.py
[0.835s] -- Installing: /home/user/exchange/ros2-ws/src/triago_control/install/triago_control/lib/triago_control/main_qp_controller.py
[0.835s] -- Installing: /home/user/exchange/ros2-ws/src/triago_control/install/triago_control/lib/triago_control/trajectory_generator.py
[0.835s] -- Installing: /home/user/exchange/ros2-ws/src/triago_control/install/triago_control/lib/triago_control/sa_coupling_debugger.py
[0.835s] -- Installing: /home/user/exchange/ros2-ws/src/triago_control/install/triago_control/share/triago_control/config
[0.835s] -- Installing: /home/user/exchange/ros2-ws/src/triago_control/install/triago_control/share/triago_control/config/trajectory_endpoints.yaml
[0.835s] -- Installing: /home/user/exchange/ros2-ws/src/triago_control/install/triago_control/share/triago_control/config/Recording_Rviz.rviz
[0.836s] -- Installing: /home/user/exchange/ros2-ws/src/triago_control/install/triago_control/share/triago_control/config/qp_debug.rviz
[0.836s] -- Installing: /home/user/exchange/ros2-ws/src/triago_control/install/triago_control/share/triago_control/launch
[0.836s] -- Installing: /home/user/exchange/ros2-ws/src/triago_control/install/triago_control/share/triago_control/launch/__pycache__
[0.836s] -- Installing: /home/user/exchange/ros2-ws/src/triago_control/install/triago_control/share/triago_control/launch/__pycache__/visualize.launch.cpython-310.pyc
[0.836s] -- Installing: /home/user/exchange/ros2-ws/src/triago_control/install/triago_control/share/triago_control/launch/visualize.launch.py
[0.836s] -- Installing: /home/user/exchange/ros2-ws/src/triago_control/install/triago_control/share/ament_index/resource_index/package_run_dependencies/triago_control
[0.836s] -- Installing: /home/user/exchange/ros2-ws/src/triago_control/install/triago_control/share/ament_index/resource_index/parent_prefix_path/triago_control
[0.836s] -- Installing: /home/user/exchange/ros2-ws/src/triago_control/install/triago_control/share/triago_control/environment/ament_prefix_path.sh
[0.836s] -- Installing: /home/user/exchange/ros2-ws/src/triago_control/install/triago_control/share/triago_control/environment/ament_prefix_path.dsv
[0.836s] -- Installing: /home/user/exchange/ros2-ws/src/triago_control/install/triago_control/share/triago_control/environment/path.sh
[0.837s] -- Installing: /home/user/exchange/ros2-ws/src/triago_control/install/triago_control/share/triago_control/environment/path.dsv
[0.837s] -- Installing: /home/user/exchange/ros2-ws/src/triago_control/install/triago_control/share/triago_control/local_setup.bash
[0.837s] -- Installing: /home/user/exchange/ros2-ws/src/triago_control/install/triago_control/share/triago_control/local_setup.sh
[0.837s] -- Installing: /home/user/exchange/ros2-ws/src/triago_control/install/triago_control/share/triago_control/local_setup.zsh
[0.837s] -- Installing: /home/user/exchange/ros2-ws/src/triago_control/install/triago_control/share/triago_control/local_setup.dsv
[0.837s] -- Installing: /home/user/exchange/ros2-ws/src/triago_control/install/triago_control/share/triago_control/package.dsv
[0.837s] -- Installing: /home/user/exchange/ros2-ws/src/triago_control/install/triago_control/share/ament_index/resource_index/packages/triago_control
[0.837s] -- Installing: /home/user/exchange/ros2-ws/src/triago_control/install/triago_control/share/triago_control/cmake/triago_controlConfig.cmake
[0.837s] -- Installing: /home/user/exchange/ros2-ws/src/triago_control/install/triago_control/share/triago_control/cmake/triago_controlConfig-version.cmake
[0.837s] -- Installing: /home/user/exchange/ros2-ws/src/triago_control/install/triago_control/share/triago_control/package.xml
[0.839s] Invoked command in '/home/user/exchange/ros2-ws/src/triago_control/build/triago_control' returned '0': CMAKE_PREFIX_PATH=${CMAKE_PREFIX_PATH}:/home/user/exchange/ros2-ws/install/pal_pro_gripper_wrapper:/home/user/exchange/ros2-ws/install/launch_pal:/opt/pal/alum:/opt/ros/humble /usr/bin/cmake --install /home/user/exchange/ros2-ws/src/triago_control/build/triago_control
